<?xml version="1.0" encoding="UTF-8"?>
<!-- Generated by org.testng.reporters.JUnitReportReporter -->
<testsuite skipped="0" hostname="DESKTOP-DLQOG25" name="test.testflow" tests="1" failures="0" timestamp="23 Jun 2019 16:30:25 GMT" time="15.221" errors="0">
  <testcase name="launch_search_text" time="15.221" classname="test.testflow"/>
</testsuite> <!-- test.testflow -->
